<?xml version="1.0" encoding="utf-8"?><testsuites name="pytest tests"><testsuite name="pytest" errors="0" failures="0" skipped="16" tests="16" time="0.230" timestamp="2026-01-24T13:14:05.925049+00:00" hostname="agent-env-625f97eb-14f5-49df-8177-21065a05e018"><testcase classname="backend.tests.test_crm_api.TestAdminAuth" name="test_admin_login_success" time="0.089"><skipped type="pytest.skip" message="Admin login failed: {&quot;detail&quot;:&quot;Method Not Allowed&quot;}">/app/backend/tests/test_crm_api.py:21: Admin login failed: {"detail":"Method Not Allowed"}</skipped></testcase><testcase classname="backend.tests.test_crm_api.TestAdminAuth" name="test_admin_login_invalid_credentials" time="0.000"><skipped type="pytest.skip" message="Admin login failed: {&quot;detail&quot;:&quot;Method Not Allowed&quot;}">/app/backend/tests/test_crm_api.py:34: Admin login failed: {"detail":"Method Not Allowed"}</skipped></testcase><testcase classname="backend.tests.test_crm_api.TestToolCRUD" name="test_list_tools" time="0.000"><skipped type="pytest.skip" message="Admin login failed: {&quot;detail&quot;:&quot;Method Not Allowed&quot;}">/app/backend/tests/test_crm_api.py:69: Admin login failed: {"detail":"Method Not Allowed"}</skipped></testcase><testcase classname="backend.tests.test_crm_api.TestToolCRUD" name="test_create_tool_success" time="0.000"><skipped type="pytest.skip" message="Admin login failed: {&quot;detail&quot;:&quot;Method Not Allowed&quot;}">/app/backend/tests/test_crm_api.py:77: Admin login failed: {"detail":"Method Not Allowed"}</skipped></testcase><testcase classname="backend.tests.test_crm_api.TestToolCRUD" name="test_create_tool_validation_error" time="0.000"><skipped type="pytest.skip" message="Admin login failed: {&quot;detail&quot;:&quot;Method Not Allowed&quot;}">/app/backend/tests/test_crm_api.py:99: Admin login failed: {"detail":"Method Not Allowed"}</skipped></testcase><testcase classname="backend.tests.test_crm_api.TestToolCRUD" name="test_create_tool_invalid_category" time="0.000"><skipped type="pytest.skip" message="Admin login failed: {&quot;detail&quot;:&quot;Method Not Allowed&quot;}">/app/backend/tests/test_crm_api.py:114: Admin login failed: {"detail":"Method Not Allowed"}</skipped></testcase><testcase classname="backend.tests.test_crm_api.TestToolCRUD" name="test_get_tool_by_id" time="0.000"><skipped type="pytest.skip" message="Admin login failed: {&quot;detail&quot;:&quot;Method Not Allowed&quot;}">/app/backend/tests/test_crm_api.py:129: Admin login failed: {"detail":"Method Not Allowed"}</skipped></testcase><testcase classname="backend.tests.test_crm_api.TestToolCRUD" name="test_update_tool" time="0.000"><skipped type="pytest.skip" message="Admin login failed: {&quot;detail&quot;:&quot;Method Not Allowed&quot;}">/app/backend/tests/test_crm_api.py:151: Admin login failed: {"detail":"Method Not Allowed"}</skipped></testcase><testcase classname="backend.tests.test_crm_api.TestToolCRUD" name="test_delete_tool" time="0.000"><skipped type="pytest.skip" message="Admin login failed: {&quot;detail&quot;:&quot;Method Not Allowed&quot;}">/app/backend/tests/test_crm_api.py:178: Admin login failed: {"detail":"Method Not Allowed"}</skipped></testcase><testcase classname="backend.tests.test_crm_api.TestBulkAssignment" name="test_bulk_assign_tool" time="0.000"><skipped type="pytest.skip" message="Admin login failed: {&quot;detail&quot;:&quot;Method Not Allowed&quot;}">/app/backend/tests/test_crm_api.py:207: Admin login failed: {"detail":"Method Not Allowed"}</skipped></testcase><testcase classname="backend.tests.test_crm_api.TestBulkAssignment" name="test_bulk_assign_missing_tool_id" time="0.000"><skipped type="pytest.skip" message="Admin login failed: {&quot;detail&quot;:&quot;Method Not Allowed&quot;}">/app/backend/tests/test_crm_api.py:258: Admin login failed: {"detail":"Method Not Allowed"}</skipped></testcase><testcase classname="backend.tests.test_crm_api.TestBulkAssignment" name="test_bulk_assign_empty_clients" time="0.000"><skipped type="pytest.skip" message="Admin login failed: {&quot;detail&quot;:&quot;Method Not Allowed&quot;}">/app/backend/tests/test_crm_api.py:273: Admin login failed: {"detail":"Method Not Allowed"}</skipped></testcase><testcase classname="backend.tests.test_crm_api.TestActivityLog" name="test_get_activity_log" time="0.000"><skipped type="pytest.skip" message="Admin login failed: {&quot;detail&quot;:&quot;Method Not Allowed&quot;}">/app/backend/tests/test_crm_api.py:293: Admin login failed: {"detail":"Method Not Allowed"}</skipped></testcase><testcase classname="backend.tests.test_crm_api.TestActivityLog" name="test_activity_log_filter_by_role" time="0.000"><skipped type="pytest.skip" message="Admin login failed: {&quot;detail&quot;:&quot;Method Not Allowed&quot;}">/app/backend/tests/test_crm_api.py:313: Admin login failed: {"detail":"Method Not Allowed"}</skipped></testcase><testcase classname="backend.tests.test_crm_api.TestActivityLog" name="test_activity_log_filter_by_action" time="0.000"><skipped type="pytest.skip" message="Admin login failed: {&quot;detail&quot;:&quot;Method Not Allowed&quot;}">/app/backend/tests/test_crm_api.py:325: Admin login failed: {"detail":"Method Not Allowed"}</skipped></testcase><testcase classname="backend.tests.test_crm_api.TestClients" name="test_list_clients" time="0.000"><skipped type="pytest.skip" message="Admin login failed: {&quot;detail&quot;:&quot;Method Not Allowed&quot;}">/app/backend/tests/test_crm_api.py:337: Admin login failed: {"detail":"Method Not Allowed"}</skipped></testcase></testsuite></testsuites>