<?xml version="1.0" encoding="utf-8"?><testsuites name="pytest tests"><testsuite name="pytest" errors="0" failures="8" skipped="8" tests="30" time="4.784" timestamp="2026-01-24T00:08:40.192562+00:00" hostname="agent-env-9388fd31-267e-478d-b0a1-a53e58b0e927"><testcase classname="tests.test_crm_api.TestCRMHealth" name="test_crm_health_endpoint" time="0.109" /><testcase classname="tests.test_crm_api.TestAdminAuth" name="test_admin_login_success" time="0.202" /><testcase classname="tests.test_crm_api.TestAdminAuth" name="test_admin_login_invalid_credentials" time="0.089" /><testcase classname="tests.test_crm_api.TestAdminAuth" name="test_admin_login_missing_fields" time="0.078" /><testcase classname="tests.test_crm_api.TestAdminTools" name="test_get_tools_list" time="0.302" /><testcase classname="tests.test_crm_api.TestAdminTools" name="test_create_tool" time="0.122" /><testcase classname="tests.test_crm_api.TestAdminTools" name="test_get_single_tool" time="0.097"><failure message="assert 400 == 201&#10; +  where 400 = &lt;Response [400]&gt;.status_code">tests/test_crm_api.py:142: in test_get_single_tool
    assert create_response.status_code == 201
E   assert 400 == 201
E    +  where 400 = &lt;Response [400]&gt;.status_code</failure></testcase><testcase classname="tests.test_crm_api.TestAdminTools" name="test_update_tool" time="0.111"><failure message="assert 400 == 201&#10; +  where 400 = &lt;Response [400]&gt;.status_code">tests/test_crm_api.py:162: in test_update_tool
    assert create_response.status_code == 201
E   assert 400 == 201
E    +  where 400 = &lt;Response [400]&gt;.status_code</failure></testcase><testcase classname="tests.test_crm_api.TestAdminTools" name="test_toggle_tool_status" time="0.193"><failure message="assert 404 == 200&#10; +  where 404 = &lt;Response [404]&gt;.status_code">tests/test_crm_api.py:191: in test_toggle_tool_status
    assert response.status_code == 200
E   assert 404 == 200
E    +  where 404 = &lt;Response [404]&gt;.status_code</failure></testcase><testcase classname="tests.test_crm_api.TestAdminTools" name="test_delete_tool" time="0.350" /><testcase classname="tests.test_crm_api.TestAdminTools" name="test_search_tools" time="0.142" /><testcase classname="tests.test_crm_api.TestAdminClients" name="test_get_clients_list" time="0.333" /><testcase classname="tests.test_crm_api.TestAdminClients" name="test_create_client" time="0.218" /><testcase classname="tests.test_crm_api.TestAdminClients" name="test_create_client_duplicate_email" time="0.334" /><testcase classname="tests.test_crm_api.TestAdminClients" name="test_get_single_client" time="0.307" /><testcase classname="tests.test_crm_api.TestAdminClients" name="test_update_client" time="0.318" /><testcase classname="tests.test_crm_api.TestAdminClients" name="test_device_reset" time="0.308" /><testcase classname="tests.test_crm_api.TestAdminClients" name="test_delete_client" time="0.095"><failure message="assert 429 == 201&#10; +  where 429 = &lt;Response [429]&gt;.status_code">tests/test_crm_api.py:351: in test_delete_client
    assert create_response.status_code == 201
E   assert 429 == 201
E    +  where 429 = &lt;Response [429]&gt;.status_code</failure></testcase><testcase classname="tests.test_crm_api.TestAdminAssignments" name="test_assign_tool_to_client" time="0.087"><skipped type="pytest.skip" message="Admin authentication failed">/app/backend/tests/test_crm_api.py:394: Admin authentication failed</skipped></testcase><testcase classname="tests.test_crm_api.TestAdminAssignments" name="test_get_client_assignments" time="0.001"><skipped type="pytest.skip" message="Admin authentication failed">/app/backend/tests/test_crm_api.py:415: Admin authentication failed</skipped></testcase><testcase classname="tests.test_crm_api.TestAdminAssignments" name="test_bulk_assign" time="0.000"><skipped type="pytest.skip" message="Admin authentication failed">/app/backend/tests/test_crm_api.py:425: Admin authentication failed</skipped></testcase><testcase classname="tests.test_crm_api.TestAdminActivity" name="test_get_activity_logs" time="0.092"><skipped type="pytest.skip" message="Admin authentication failed">/app/backend/tests/test_crm_api.py:466: Admin authentication failed</skipped></testcase><testcase classname="tests.test_crm_api.TestAdminActivity" name="test_get_activity_logs_with_limit" time="0.001"><skipped type="pytest.skip" message="Admin authentication failed">/app/backend/tests/test_crm_api.py:475: Admin authentication failed</skipped></testcase><testcase classname="tests.test_crm_api.TestAdminActivity" name="test_get_activity_logs_with_filter" time="0.000"><skipped type="pytest.skip" message="Admin authentication failed">/app/backend/tests/test_crm_api.py:484: Admin authentication failed</skipped></testcase><testcase classname="tests.test_crm_api.TestClientAuth" name="test_client_login_success" time="0.092"><skipped type="pytest.skip" message="Admin authentication failed">/app/backend/tests/test_crm_api.py:516: Admin authentication failed</skipped></testcase><testcase classname="tests.test_crm_api.TestClientAuth" name="test_client_login_invalid_credentials" time="0.097"><failure message="assert 429 == 401&#10; +  where 429 = &lt;Response [429]&gt;.status_code">tests/test_crm_api.py:538: in test_client_login_invalid_credentials
    assert response.status_code == 401
E   assert 429 == 401
E    +  where 429 = &lt;Response [429]&gt;.status_code</failure></testcase><testcase classname="tests.test_crm_api.TestClientAuth" name="test_client_login_missing_device_id" time="0.000"><skipped type="pytest.skip" message="Admin authentication failed">/app/backend/tests/test_crm_api.py:541: Admin authentication failed</skipped></testcase><testcase classname="tests.test_crm_api.TestUnauthorizedAccess" name="test_admin_tools_without_auth" time="0.115"><failure message="assert 429 == 401&#10; +  where 429 = &lt;Response [429]&gt;.status_code">tests/test_crm_api.py:558: in test_admin_tools_without_auth
    assert response.status_code == 401
E   assert 429 == 401
E    +  where 429 = &lt;Response [429]&gt;.status_code</failure></testcase><testcase classname="tests.test_crm_api.TestUnauthorizedAccess" name="test_admin_clients_without_auth" time="0.077"><failure message="assert 429 == 401&#10; +  where 429 = &lt;Response [429]&gt;.status_code">tests/test_crm_api.py:564: in test_admin_clients_without_auth
    assert response.status_code == 401
E   assert 429 == 401
E    +  where 429 = &lt;Response [429]&gt;.status_code</failure></testcase><testcase classname="tests.test_crm_api.TestUnauthorizedAccess" name="test_admin_activity_without_auth" time="0.158"><failure message="assert 429 == 401&#10; +  where 429 = &lt;Response [429]&gt;.status_code">tests/test_crm_api.py:570: in test_admin_activity_without_auth
    assert response.status_code == 401
E   assert 429 == 401
E    +  where 429 = &lt;Response [429]&gt;.status_code</failure></testcase></testsuite></testsuites>